<?xml version="1.0" encoding="UTF-8"?>
<testsuite xmlns:xsi="http://www.w3.org/2001/XMLSchema-instance" xsi:noNamespaceSchemaLocation="https://maven.apache.org/surefire/maven-surefire-plugin/xsd/surefire-test-report.xsd" name="academy.teenfuture.crse.Utility.SeleniumTests" time="0.018" tests="3" errors="0" skipped="3" failures="0">
  <properties>
[...]
</properties>
  <testcase name="getStart_Edge" classname="academy.teenfuture.crse.Utility.SeleniumTests" time="0">
    <skipped message="public void academy.teenfuture.crse.Utility.SeleniumTests.getStart_Edge() is @Disabled"/>
  </testcase>
  <testcase name="getStart_Chrome" classname="academy.teenfuture.crse.Utility.SeleniumTests" time="0">
    <skipped message="public void academy.teenfuture.crse.Utility.SeleniumTests.getStart_Chrome() is @Disabled"/>
  </testcase>
  <testcase name="getStart_Firefox" classname="academy.teenfuture.crse.Utility.SeleniumTests" time="0">
    <skipped message="public void academy.teenfuture.crse.Utility.SeleniumTests.getStart_Firefox() is @Disabled"/>
  </testcase>
</testsuite>